<?xml version="1.0" encoding="UTF-8"?>
<testsuite name="org.loanCalculator.controller.LoanCalculatorControllerTest" tests="2" skipped="0" failures="0" errors="0" timestamp="2024-02-12T19:51:21" hostname="DESKTOP-D0TG6SP" time="0.213">
  <properties/>
  <testcase name="calculateMonthlyRepayment_shouldReturnCorrectResponse()" classname="org.loanCalculator.controller.LoanCalculatorControllerTest" time="0.18"/>
  <testcase name="calculateMonthlyRepayment_shouldHandleInvalidParameters()" classname="org.loanCalculator.controller.LoanCalculatorControllerTest" time="0.031"/>
  <system-out><![CDATA[19:51:18.192 [Test worker] DEBUG org.springframework.test.context.BootstrapUtils - Instantiating CacheAwareContextLoaderDelegate from class [org.springframework.test.context.cache.DefaultCacheAwareContextLoaderDelegate]
19:51:18.207 [Test worker] DEBUG org.springframework.test.context.BootstrapUtils - Instantiating BootstrapContext using constructor [public org.springframework.test.context.support.DefaultBootstrapContext(java.lang.Class,org.springframework.test.context.CacheAwareContextLoaderDelegate)]
19:51:18.270 [Test worker] DEBUG org.springframework.test.context.BootstrapUtils - Instantiating TestContextBootstrapper for test class [org.loanCalculator.controller.LoanCalculatorControllerTest] from class [org.springframework.boot.test.autoconfigure.web.servlet.WebMvcTestContextBootstrapper]
19:51:18.285 [Test worker] INFO org.springframework.boot.test.autoconfigure.web.servlet.WebMvcTestContextBootstrapper - Neither @ContextConfiguration nor @ContextHierarchy found for test class [org.loanCalculator.controller.LoanCalculatorControllerTest], using SpringBootContextLoader
19:51:18.301 [Test worker] DEBUG org.springframework.test.context.support.AbstractContextLoader - Did not detect default resource location for test class [org.loanCalculator.controller.LoanCalculatorControllerTest]: class path resource [org/loanCalculator/controller/LoanCalculatorControllerTest-context.xml] does not exist
19:51:18.301 [Test worker] DEBUG org.springframework.test.context.support.AbstractContextLoader - Did not detect default resource location for test class [org.loanCalculator.controller.LoanCalculatorControllerTest]: class path resource [org/loanCalculator/controller/LoanCalculatorControllerTestContext.groovy] does not exist
19:51:18.301 [Test worker] INFO org.springframework.test.context.support.AbstractContextLoader - Could not detect default resource locations for test class [org.loanCalculator.controller.LoanCalculatorControllerTest]: no resource found for suffixes {-context.xml, Context.groovy}.
19:51:18.301 [Test worker] INFO org.springframework.test.context.support.AnnotationConfigContextLoaderUtils - Could not detect default configuration classes for test class [org.loanCalculator.controller.LoanCalculatorControllerTest]: LoanCalculatorControllerTest does not declare any static, non-private, non-final, nested classes annotated with @Configuration.
19:51:18.410 [Test worker] DEBUG org.springframework.test.context.support.ActiveProfilesUtils - Could not find an 'annotation declaring class' for annotation type [org.springframework.test.context.ActiveProfiles] and class [org.loanCalculator.controller.LoanCalculatorControllerTest]
19:51:18.536 [Test worker] DEBUG org.springframework.context.annotation.ClassPathScanningCandidateComponentProvider - Identified candidate component class: file [C:\Users\srinivas\Desktop\javaProject\LoanApplicationCalculator\build\classes\java\main\org\loanCalculator\LoanCalculatorApplication.class]
19:51:18.536 [Test worker] INFO org.springframework.boot.test.context.SpringBootTestContextBootstrapper - Found @SpringBootConfiguration org.loanCalculator.LoanCalculatorApplication for test class org.loanCalculator.controller.LoanCalculatorControllerTest
19:51:18.551 [Test worker] DEBUG org.springframework.boot.test.autoconfigure.web.servlet.WebMvcTestContextBootstrapper - @TestExecutionListeners is not present for class [org.loanCalculator.controller.LoanCalculatorControllerTest]: using defaults.
19:51:18.551 [Test worker] INFO org.springframework.boot.test.autoconfigure.web.servlet.WebMvcTestContextBootstrapper - Loaded default TestExecutionListener class names from location [META-INF/spring.factories]: [org.springframework.boot.test.autoconfigure.restdocs.RestDocsTestExecutionListener, org.springframework.boot.test.autoconfigure.web.client.MockRestServiceServerResetTestExecutionListener, org.springframework.boot.test.autoconfigure.web.servlet.MockMvcPrintOnlyOnFailureTestExecutionListener, org.springframework.boot.test.autoconfigure.web.servlet.WebDriverTestExecutionListener, org.springframework.boot.test.autoconfigure.webservices.client.MockWebServiceServerTestExecutionListener, org.springframework.boot.test.mock.mockito.MockitoTestExecutionListener, org.springframework.boot.test.mock.mockito.ResetMocksTestExecutionListener, org.springframework.test.context.web.ServletTestExecutionListener, org.springframework.test.context.support.DirtiesContextBeforeModesTestExecutionListener, org.springframework.test.context.event.ApplicationEventsTestExecutionListener, org.springframework.test.context.support.DependencyInjectionTestExecutionListener, org.springframework.test.context.support.DirtiesContextTestExecutionListener, org.springframework.test.context.transaction.TransactionalTestExecutionListener, org.springframework.test.context.jdbc.SqlScriptsTestExecutionListener, org.springframework.test.context.event.EventPublishingTestExecutionListener]
19:51:18.567 [Test worker] DEBUG org.springframework.boot.test.autoconfigure.web.servlet.WebMvcTestContextBootstrapper - Skipping candidate TestExecutionListener [org.springframework.test.context.transaction.TransactionalTestExecutionListener] due to a missing dependency. Specify custom listener classes or make the default listener classes and their required dependencies available. Offending class: [org/springframework/transaction/interceptor/TransactionAttributeSource]
19:51:18.567 [Test worker] DEBUG org.springframework.boot.test.autoconfigure.web.servlet.WebMvcTestContextBootstrapper - Skipping candidate TestExecutionListener [org.springframework.test.context.jdbc.SqlScriptsTestExecutionListener] due to a missing dependency. Specify custom listener classes or make the default listener classes and their required dependencies available. Offending class: [org/springframework/transaction/interceptor/TransactionAttribute]
19:51:18.567 [Test worker] INFO org.springframework.boot.test.autoconfigure.web.servlet.WebMvcTestContextBootstrapper - Using TestExecutionListeners: [org.springframework.test.context.web.ServletTestExecutionListener@720ffab4, org.springframework.test.context.support.DirtiesContextBeforeModesTestExecutionListener@2e62e227, org.springframework.test.context.event.ApplicationEventsTestExecutionListener@5ebe903a, org.springframework.boot.test.mock.mockito.MockitoTestExecutionListener@7c88d04f, org.springframework.boot.test.autoconfigure.SpringBootDependencyInjectionTestExecutionListener@71df5f30, org.springframework.test.context.support.DirtiesContextTestExecutionListener@4895e8f6, org.springframework.test.context.event.EventPublishingTestExecutionListener@62808e9e, org.springframework.boot.test.autoconfigure.restdocs.RestDocsTestExecutionListener@58b03029, org.springframework.boot.test.autoconfigure.web.client.MockRestServiceServerResetTestExecutionListener@539dd2d0, org.springframework.boot.test.autoconfigure.web.servlet.MockMvcPrintOnlyOnFailureTestExecutionListener@3428420d, org.springframework.boot.test.autoconfigure.web.servlet.WebDriverTestExecutionListener@523ade68, org.springframework.boot.test.autoconfigure.webservices.client.MockWebServiceServerTestExecutionListener@b529d7e, org.springframework.boot.test.mock.mockito.ResetMocksTestExecutionListener@3664c596]
19:51:18.582 [Test worker] DEBUG org.springframework.test.context.support.AbstractDirtiesContextTestExecutionListener - Before test class: context [DefaultTestContext@2b3242a5 testClass = LoanCalculatorControllerTest, testInstance = [null], testMethod = [null], testException = [null], mergedContextConfiguration = [WebMergedContextConfiguration@11120583 testClass = LoanCalculatorControllerTest, locations = '{}', classes = '{class org.loanCalculator.LoanCalculatorApplication}', contextInitializerClasses = '[]', activeProfiles = '{}', propertySourceLocations = '{}', propertySourceProperties = '{org.springframework.boot.test.autoconfigure.web.servlet.WebMvcTestContextBootstrapper=true}', contextCustomizers = set[org.springframework.boot.test.autoconfigure.OverrideAutoConfigurationContextCustomizerFactory$DisableAutoConfigurationContextCustomizer@3386c206, org.springframework.boot.test.autoconfigure.actuate.metrics.MetricsExportContextCustomizerFactory$DisableMetricExportContextCustomizer@1a17dd6f, org.springframework.boot.test.autoconfigure.filter.TypeExcludeFiltersContextCustomizer@1b01d439, org.springframework.boot.test.autoconfigure.properties.PropertyMappingContextCustomizer@cfa14f3d, org.springframework.boot.test.autoconfigure.web.servlet.WebDriverContextCustomizerFactory$Customizer@270f28cf, [ImportsContextCustomizer@2bf0c70d key = [org.springframework.boot.autoconfigure.cache.CacheAutoConfiguration, org.springframework.boot.autoconfigure.context.MessageSourceAutoConfiguration, org.springframework.boot.autoconfigure.data.web.SpringDataWebAutoConfiguration, org.springframework.boot.autoconfigure.freemarker.FreeMarkerAutoConfiguration, org.springframework.boot.autoconfigure.groovy.template.GroovyTemplateAutoConfiguration, org.springframework.boot.autoconfigure.gson.GsonAutoConfiguration, org.springframework.boot.autoconfigure.hateoas.HypermediaAutoConfiguration, org.springframework.boot.autoconfigure.http.HttpMessageConvertersAutoConfiguration, org.springframework.boot.autoconfigure.jackson.JacksonAutoConfiguration, org.springframework.boot.autoconfigure.jsonb.JsonbAutoConfiguration, org.springframework.boot.autoconfigure.mustache.MustacheAutoConfiguration, org.springframework.boot.autoconfigure.task.TaskExecutionAutoConfiguration, org.springframework.boot.autoconfigure.thymeleaf.ThymeleafAutoConfiguration, org.springframework.boot.autoconfigure.validation.ValidationAutoConfiguration, org.springframework.boot.autoconfigure.web.servlet.error.ErrorMvcAutoConfiguration, org.springframework.boot.autoconfigure.web.servlet.HttpEncodingAutoConfiguration, org.springframework.boot.autoconfigure.web.servlet.WebMvcAutoConfiguration, org.springframework.boot.test.autoconfigure.web.servlet.MockMvcAutoConfiguration, org.springframework.boot.test.autoconfigure.web.servlet.MockMvcWebClientAutoConfiguration, org.springframework.boot.test.autoconfigure.web.servlet.MockMvcWebDriverAutoConfiguration, org.springframework.boot.autoconfigure.security.oauth2.client.servlet.OAuth2ClientAutoConfiguration, org.springframework.boot.autoconfigure.security.oauth2.resource.servlet.OAuth2ResourceServerAutoConfiguration, org.springframework.boot.autoconfigure.security.servlet.SecurityAutoConfiguration, org.springframework.boot.autoconfigure.security.servlet.SecurityFilterAutoConfiguration, org.springframework.boot.autoconfigure.security.servlet.UserDetailsServiceAutoConfiguration, org.springframework.boot.test.autoconfigure.web.servlet.MockMvcSecurityConfiguration, org.springframework.boot.test.autoconfigure.web.reactive.WebTestClientAutoConfiguration]], org.springframework.boot.test.context.filter.ExcludeFilterContextCustomizer@3dbb3fb7, org.springframework.boot.test.json.DuplicateJsonObjectContextCustomizerFactory$DuplicateJsonObjectContextCustomizer@3a2bb026, org.springframework.boot.test.mock.mockito.MockitoContextCustomizer@8f84a93a, org.springframework.boot.test.context.SpringBootTestArgs@1, org.springframework.boot.test.context.SpringBootTestWebEnvironment@0], resourceBasePath = 'src/main/webapp', contextLoader = 'org.springframework.boot.test.context.SpringBootContextLoader', parent = [null]], attributes = map[[empty]]], class annotated with @DirtiesContext [false] with mode [null].
19:51:18.692 [Test worker] DEBUG org.springframework.boot.ApplicationServletEnvironment - Activating profiles []
19:51:18.723 [Test worker] DEBUG org.springframework.test.context.support.TestPropertySourceUtils - Adding inlined properties to environment: {spring.jmx.enabled=false, org.springframework.boot.test.autoconfigure.web.servlet.WebMvcTestContextBootstrapper=true}

  .   ____          _            __ _ _
 /\\ / ___'_ __ _ _(_)_ __  __ _ \ \ \ \
( ( )\___ | '_ | '_| | '_ \/ _` | \ \ \ \
 \\/  ___)| |_)| | | | | || (_| |  ) ) ) )
  '  |____| .__|_| |_|_| |_\__, | / / / /
 =========|_|==============|___/=/_/_/_/
 :: Spring Boot ::                (v2.6.2)

2024-02-12 19:51:19.223  INFO 14400 --- [    Test worker] o.l.c.LoanCalculatorControllerTest       : Starting LoanCalculatorControllerTest using Java 11.0.17 on DESKTOP-D0TG6SP with PID 14400 (started by srinivas in C:\Users\srinivas\Desktop\javaProject\LoanApplicationCalculator)
2024-02-12 19:51:19.223  INFO 14400 --- [    Test worker] o.l.c.LoanCalculatorControllerTest       : No active profile set, falling back to default profiles: default
2024-02-12 19:51:21.036  INFO 14400 --- [    Test worker] o.s.b.t.m.w.SpringBootMockServletContext : Initializing Spring TestDispatcherServlet ''
2024-02-12 19:51:21.036  INFO 14400 --- [    Test worker] o.s.t.web.servlet.TestDispatcherServlet  : Initializing Servlet ''
2024-02-12 19:51:21.036  INFO 14400 --- [    Test worker] o.s.t.web.servlet.TestDispatcherServlet  : Completed initialization in 0 ms
2024-02-12 19:51:21.067  INFO 14400 --- [    Test worker] o.l.c.LoanCalculatorControllerTest       : Started LoanCalculatorControllerTest in 2.337 seconds (JVM running for 4.276)
2024-02-12 19:51:21.270  WARN 14400 --- [    Test worker] .w.s.m.s.DefaultHandlerExceptionResolver : Resolved [org.springframework.web.bind.MissingServletRequestParameterException: Required request parameter 'principal' for method parameter type String is not present]
2024-02-12 19:51:21.270  WARN 14400 --- [    Test worker] .w.s.m.s.DefaultHandlerExceptionResolver : Resolved [org.springframework.web.bind.MissingServletRequestParameterException: Required request parameter 'loanLength' for method parameter type String is not present]
2024-02-12 19:51:21.270  WARN 14400 --- [    Test worker] .w.s.m.s.DefaultHandlerExceptionResolver : Resolved [org.springframework.web.bind.MissingServletRequestParameterException: Required request parameter 'loanLengthUnit' for method parameter type String is not present]
]]></system-out>
  <system-err><![CDATA[]]></system-err>
</testsuite>
